[00:07:54] [main/INFO]: Loading Minecraft 1.20.2 with Fabric Loader 0.14.24
[00:07:54] [main/INFO]: Loading 3 mods:
	- fabricloader 0.14.24
	- java 21
	- minecraft 1.20.2
[00:07:54] [main/INFO]: SpongePowered MIXIN Subsystem Version=0.8.5 Source=file:/F:/GITHUB/mc-fabric/libraries/net/fabricmc/sponge-mixin/0.12.5+mixin.0.8.5/sponge-mixin-0.12.5+mixin.0.8.5.jar Service=Knot/Fabric Env=SERVER
[00:07:56] [main/WARN]: Invalid registry value type detected for PerfOS counters. Should be REG_DWORD. Ignoring: HKEY_LOCAL_MACHINE\SYSTEM\CurrentControlSet\Services\PerfOS\Performance\Disable Performance Counters.
[00:08:01] [main/INFO]: Environment: Environment[accountsHost=https://api.mojang.com, sessionHost=https://sessionserver.mojang.com, servicesHost=https://api.minecraftservices.com, name=PROD]
[00:08:03] [main/INFO]: Loaded 7 recipes
[00:08:03] [main/INFO]: Loaded 1271 advancements
[00:08:04] [Server thread/INFO]: Starting minecraft server version 1.20.2
[00:08:04] [Server thread/INFO]: Loading properties
[00:08:04] [Server thread/INFO]: Default game type: SURVIVAL
[00:08:04] [Server thread/INFO]: Generating keypair
[00:08:04] [Server thread/INFO]: Starting Minecraft server on *:25565
[00:08:04] [Server thread/INFO]: Using default channel type
[00:08:04] [Server thread/INFO]: Preparing level "world"
[00:08:06] [Server thread/INFO]: Preparing start region for dimension minecraft:overworld
[00:08:07] [Worker-Main-4/INFO]: Preparing spawn area: 0%
[00:08:07] [Worker-Main-4/INFO]: Preparing spawn area: 0%
[00:08:07] [Worker-Main-2/INFO]: Preparing spawn area: 0%
[00:08:07] [Worker-Main-2/INFO]: Preparing spawn area: 0%
[00:08:08] [Worker-Main-3/INFO]: Preparing spawn area: 0%
[00:08:08] [Worker-Main-5/INFO]: Preparing spawn area: 23%
[00:08:09] [Worker-Main-4/INFO]: Preparing spawn area: 55%
[00:08:09] [Worker-Main-9/INFO]: Preparing spawn area: 68%
[00:08:10] [Worker-Main-7/INFO]: Preparing spawn area: 69%
[00:08:10] [Worker-Main-5/INFO]: Preparing spawn area: 70%
[00:08:11] [Worker-Main-11/INFO]: Preparing spawn area: 74%
[00:08:11] [Worker-Main-2/INFO]: Preparing spawn area: 79%
[00:08:12] [Worker-Main-5/INFO]: Preparing spawn area: 83%
[00:08:12] [Worker-Main-3/INFO]: Preparing spawn area: 85%
[00:08:13] [Worker-Main-10/INFO]: Preparing spawn area: 88%
[00:08:13] [Worker-Main-4/INFO]: Preparing spawn area: 90%
[00:08:14] [Worker-Main-1/INFO]: Preparing spawn area: 94%
[00:08:14] [Worker-Main-8/INFO]: Preparing spawn area: 96%
[00:08:15] [Server thread/INFO]: Time elapsed: 8880 ms
[00:08:15] [Server thread/INFO]: Done (10.183s)! For help, type "help"
[00:11:16] [User Authenticator #1/INFO]: UUID of player IjoZyet is e2d69482-d138-43df-945d-c79f4393f327
[00:11:17] [Server thread/INFO]: IjoZyet[/127.0.0.1:11080] logged in with entity id 282 at (218.5, 69.0, 505.5)
[00:11:17] [Server thread/INFO]: IjoZyet joined the game
[00:11:41] [Server thread/INFO]: IjoZyet lost connection: Disconnected
[00:11:41] [Server thread/INFO]: IjoZyet left the game
